\BOOKMARK [0][-]{section*.1}{\376\377\000D\000e\000c\000l\000a\000r\000a\000t\000i\000o\000n\000\040\000o\000f\000\040\000A\000u\000t\000h\000o\000r\000s\000h\000i\000p}{}% 1
\BOOKMARK [0][-]{section*.2}{\376\377\000A\000b\000s\000t\000r\000a\000c\000t}{}% 2
\BOOKMARK [0][-]{section*.3}{\376\377\000A\000c\000k\000n\000o\000w\000l\000e\000d\000g\000e\000m\000e\000n\000t\000s}{}% 3
\BOOKMARK [0][-]{chapter.8}{\376\377\000I\000n\000t\000r\000o\000d\000u\000c\000t\000i\000o\000n}{}% 4
\BOOKMARK [1][-]{section.9}{\376\377\000B\000a\000c\000k\000g\000r\000o\000u\000n\000d}{chapter.8}% 5
\BOOKMARK [1][-]{section.10}{\376\377\000P\000r\000o\000j\000e\000c\000t\000\040\000C\000o\000n\000t\000e\000x\000t}{chapter.8}% 6
\BOOKMARK [1][-]{section.12}{\376\377\000P\000r\000o\000j\000e\000c\000t\000\040\000C\000o\000n\000c\000e\000p\000t}{chapter.8}% 7
\BOOKMARK [1][-]{section.14}{\376\377\000A\000i\000m\000\040\000a\000n\000d\000\040\000O\000b\000j\000e\000c\000t\000i\000v\000e\000s}{chapter.8}% 8
\BOOKMARK [1][-]{section.15}{\376\377\000F\000u\000n\000c\000t\000i\000o\000n\000a\000l\000\040\000S\000p\000e\000c\000i\000f\000i\000c\000a\000t\000i\000o\000n}{chapter.8}% 9
\BOOKMARK [1][-]{section.33}{\376\377\000R\000e\000p\000o\000r\000t\000\040\000S\000t\000r\000u\000c\000t\000u\000r\000e}{chapter.8}% 10
\BOOKMARK [0][-]{chapter.34}{\376\377\000L\000i\000t\000e\000r\000a\000t\000u\000r\000e\000\040\000R\000e\000v\000i\000e\000w}{}% 11
\BOOKMARK [1][-]{section.35}{\376\377\000O\000v\000e\000r\000v\000i\000e\000w}{chapter.34}% 12
\BOOKMARK [1][-]{section.36}{\376\377\000S\000w\000a\000r\000m\000\040\000I\000n\000t\000e\000l\000l\000i\000g\000e\000n\000c\000e\000\040\000a\000n\000d\000\040\000S\000w\000a\000r\000m\000\040\000R\000o\000b\000o\000t\000i\000c\000s}{chapter.34}% 13
\BOOKMARK [1][-]{section.37}{\376\377\000H\000u\000m\000a\000n\000\040\000S\000w\000a\000r\000m\000\040\000I\000n\000t\000e\000r\000a\000c\000t\000i\000o\000n}{chapter.34}% 14
\BOOKMARK [1][-]{section.40}{\376\377\000R\000o\000b\000o\000t\000i\000c\000s\000\040\000D\000e\000b\000u\000g\000g\000i\000n\000g}{chapter.34}% 15
\BOOKMARK [1][-]{section.41}{\376\377\000A\000R\000\040\000a\000n\000d\000\040\000R\000o\000b\000o\000t\000i\000c\000s}{chapter.34}% 16
\BOOKMARK [1][-]{section.45}{\376\377\000S\000i\000m\000i\000l\000a\000r\000\040\000W\000o\000r\000k}{chapter.34}% 17
\BOOKMARK [1][-]{section.47}{\376\377\000S\000u\000m\000m\000a\000r\000y}{chapter.34}% 18
\BOOKMARK [0][-]{chapter.48}{\376\377\000P\000r\000o\000j\000e\000c\000t\000\040\000P\000l\000a\000n}{}% 19
\BOOKMARK [1][-]{section.49}{\376\377\000W\000o\000r\000k\000\040\000B\000r\000e\000a\000k\000d\000o\000w\000n}{chapter.48}% 20
\BOOKMARK [1][-]{section.53}{\376\377\000T\000i\000m\000i\000n\000g\000\040\000a\000n\000d\000\040\000P\000l\000a\000n}{chapter.48}% 21
\BOOKMARK [1][-]{section.54}{\376\377\000R\000i\000s\000k\000\040\000A\000n\000a\000l\000y\000s\000i\000s\000\040\000a\000n\000d\000\040\000M\000i\000t\000i\000g\000a\000t\000i\000o\000n}{chapter.48}% 22
\BOOKMARK [1][-]{section.55}{\376\377\000A\000p\000p\000l\000i\000c\000a\000t\000i\000o\000n\000\040\000o\000f\000\040\000A\000g\000i\000l\000e\000\040\000M\000e\000t\000h\000o\000d\000o\000l\000o\000g\000i\000e\000s}{chapter.48}% 23
\BOOKMARK [0][-]{chapter.56}{\376\377\000S\000t\000a\000t\000e\000m\000e\000n\000t\000\040\000o\000f\000\040\000E\000t\000h\000i\000c\000s}{}% 24
\BOOKMARK [1][-]{section.57}{\376\377\000H\000u\000m\000a\000n\000\040\000P\000a\000r\000t\000i\000c\000i\000p\000a\000n\000t\000\040\000C\000o\000n\000s\000i\000d\000e\000r\000a\000t\000i\000o\000n}{chapter.56}% 25
\BOOKMARK [2][-]{subsection.58}{\376\377\000I\000n\000i\000t\000i\000a\000l\000\040\000U\000s\000e\000r\000\040\000S\000u\000r\000v\000e\000y}{section.57}% 26
\BOOKMARK [2][-]{subsection.59}{\376\377\000U\000s\000e\000r\000\040\000T\000e\000s\000t\000i\000n\000g\000\040\000a\000n\000d\000\040\000E\000v\000a\000l\000u\000a\000t\000i\000o\000n\000\040\000S\000e\000s\000s\000i\000o\000n\000s}{section.57}% 27
\BOOKMARK [0][-]{chapter.60}{\376\377\000E\000-\000P\000u\000c\000k\000\040\000R\000o\000b\000o\000t\000\040\000P\000l\000a\000t\000f\000o\000r\000m}{}% 28
\BOOKMARK [1][-]{section.61}{\376\377\000O\000v\000e\000r\000v\000i\000e\000w}{chapter.60}% 29
\BOOKMARK [1][-]{section.63}{\376\377\000P\000r\000o\000c\000e\000s\000s\000o\000r}{chapter.60}% 30
\BOOKMARK [1][-]{section.64}{\376\377\000A\000c\000t\000u\000a\000t\000o\000r\000s}{chapter.60}% 31
\BOOKMARK [1][-]{section.65}{\376\377\000S\000e\000n\000s\000o\000r\000s}{chapter.60}% 32
\BOOKMARK [1][-]{section.67}{\376\377\000L\000i\000n\000u\000x\000\040\000E\000x\000t\000e\000n\000s\000i\000o\000n\000\040\000B\000o\000a\000r\000d}{chapter.60}% 33
\BOOKMARK [0][-]{chapter.68}{\376\377\000V\000i\000d\000e\000o\000\040\000T\000r\000a\000c\000k\000i\000n\000g\000\040\000S\000y\000s\000t\000e\000m}{}% 34
\BOOKMARK [1][-]{section.71}{\376\377\000C\000a\000m\000e\000r\000a}{chapter.68}% 35
\BOOKMARK [1][-]{section.73}{\376\377\000A\000R\000u\000C\000o\000\040\000T\000r\000a\000c\000k\000i\000n\000g\000\040\000S\000y\000s\000t\000e\000m}{chapter.68}% 36
\BOOKMARK [0][-]{chapter.76}{\376\377\000I\000n\000i\000t\000i\000a\000l\000\040\000U\000s\000e\000r\000\040\000S\000u\000r\000v\000e\000y}{}% 37
\BOOKMARK [1][-]{section.77}{\376\377\000O\000v\000e\000r\000v\000i\000e\000w}{chapter.76}% 38
\BOOKMARK [1][-]{section.78}{\376\377\000D\000a\000t\000a}{chapter.76}% 39
\BOOKMARK [1][-]{section.79}{\376\377\000A\000n\000a\000l\000y\000s\000i\000s}{chapter.76}% 40
\BOOKMARK [1][-]{section.80}{\376\377\000I\000s\000s\000u\000e\000s\000\040\000a\000n\000d\000\040\000S\000h\000o\000r\000t\000c\000o\000m\000i\000n\000g\000s}{chapter.76}% 41
\BOOKMARK [0][-]{chapter.81}{\376\377\000D\000e\000s\000i\000g\000n}{}% 42
\BOOKMARK [1][-]{section.82}{\376\377\000S\000o\000f\000t\000w\000a\000r\000e\000\040\000A\000r\000c\000h\000i\000t\000e\000c\000t\000u\000r\000e\000\040\000D\000e\000s\000i\000g\000n}{chapter.81}% 43
\BOOKMARK [2][-]{subsection.88}{\376\377\000D\000a\000t\000a\000\040\000M\000o\000d\000e\000l}{section.82}% 44
\BOOKMARK [2][-]{subsection.90}{\376\377\000V\000i\000s\000u\000a\000l\000i\000s\000e\000r}{section.82}% 45
\BOOKMARK [1][-]{section.92}{\376\377\000U\000s\000e\000r\000\040\000I\000n\000t\000e\000r\000f\000a\000c\000e\000\040\000D\000e\000s\000i\000g\000n}{chapter.81}% 46
\BOOKMARK [0][-]{chapter.98}{\376\377\000I\000m\000p\000l\000e\000m\000e\000n\000t\000a\000t\000i\000o\000n}{}% 47
\BOOKMARK [1][-]{section.99}{\376\377\000O\000v\000e\000r\000v\000i\000e\000w}{chapter.98}% 48
\BOOKMARK [1][-]{section.101}{\376\377\000A\000p\000p\000l\000i\000c\000a\000t\000i\000o\000n\000\040\000F\000r\000a\000m\000e\000w\000o\000r\000k\000\040\000S\000e\000l\000e\000c\000t\000i\000o\000n}{chapter.98}% 49
\BOOKMARK [2][-]{subsection.102}{\376\377\000T\000h\000e\000\040\000Q\000t\000\040\000F\000r\000a\000m\000e\000w\000o\000r\000k}{section.101}% 50
\BOOKMARK [1][-]{section.103}{\376\377\000A\000p\000p\000l\000i\000c\000a\000t\000i\000o\000n\000\040\000S\000t\000r\000u\000c\000t\000u\000r\000e}{chapter.98}% 51
\BOOKMARK [1][-]{section.105}{\376\377\000S\000o\000u\000r\000c\000e\000\040\000C\000o\000d\000e}{chapter.98}% 52
\BOOKMARK [1][-]{section.108}{\376\377\000D\000a\000t\000a\000\040\000M\000o\000d\000e\000l}{chapter.98}% 53
\BOOKMARK [1][-]{section.110}{\376\377\000V\000i\000d\000e\000o\000\040\000F\000e\000e\000d\000\040\000a\000n\000d\000\040\000T\000r\000a\000c\000k\000i\000n\000g\000\040\000S\000y\000s\000t\000e\000m}{chapter.98}% 54
\BOOKMARK [2][-]{subsection.111}{\376\377\000I\000m\000a\000g\000e\000\040\000P\000r\000o\000c\000e\000s\000s\000i\000n\000g\000\040\000L\000i\000b\000r\000a\000r\000y}{section.110}% 55
\BOOKMARK [1][-]{section.112}{\376\377\000N\000e\000t\000w\000o\000r\000k\000i\000n\000g}{chapter.98}% 56
\BOOKMARK [1][-]{section.117}{\376\377\000D\000a\000t\000a\000\040\000T\000r\000a\000n\000s\000f\000e\000r\000\040\000F\000o\000r\000m\000a\000t}{chapter.98}% 57
\BOOKMARK [2][-]{subsection.120}{\376\377\000C\000o\000n\000s\000t\000r\000a\000i\000n\000t\000s}{section.117}% 58
\BOOKMARK [1][-]{section.121}{\376\377\000U\000s\000e\000r\000\040\000I\000n\000t\000e\000r\000f\000a\000c\000e}{chapter.98}% 59
\BOOKMARK [1][-]{section.125}{\376\377\000V\000i\000s\000u\000a\000l\000i\000s\000e\000r}{chapter.98}% 60
\BOOKMARK [2][-]{subsection.127}{\376\377\000D\000a\000t\000a\000\040\000V\000i\000s\000u\000a\000l\000i\000s\000a\000t\000i\000o\000n\000s}{section.125}% 61
\BOOKMARK [1][-]{section.138}{\376\377\000R\000o\000b\000o\000t\000\040\000S\000i\000d\000e\000\040\000A\000P\000I}{chapter.98}% 62
\BOOKMARK [0][-]{chapter.140}{\376\377\000T\000e\000s\000t\000i\000n\000g\000\040\000a\000n\000d\000\040\000E\000v\000a\000l\000u\000a\000t\000i\000o\000n}{}% 63
\BOOKMARK [1][-]{section.141}{\376\377\000C\000o\000n\000t\000i\000n\000u\000o\000u\000s\000\040\000I\000n\000t\000e\000g\000r\000a\000t\000i\000o\000n\000\040\000T\000e\000s\000t\000i\000n\000g}{chapter.140}% 64
\BOOKMARK [1][-]{section.142}{\376\377\000M\000a\000n\000u\000a\000l\000\040\000U\000s\000e\000r\000\040\000I\000n\000t\000e\000r\000f\000a\000c\000e\000\040\000T\000e\000s\000t\000i\000n\000g}{chapter.140}% 65
\BOOKMARK [2][-]{subsection.143}{\376\377\000M\000e\000t\000h\000o\000d}{section.142}% 66
\BOOKMARK [2][-]{subsection.169}{\376\377\000R\000e\000s\000u\000l\000t\000s}{section.142}% 67
\BOOKMARK [2][-]{subsection.170}{\376\377\000F\000i\000x\000e\000s\000\040\000I\000m\000p\000l\000e\000m\000e\000n\000t\000e\000d}{section.142}% 68
\BOOKMARK [1][-]{section.171}{\376\377\000D\000a\000t\000a\000\040\000M\000o\000d\000e\000l\000\040\000a\000n\000d\000\040\000B\000a\000c\000k\000\040\000E\000n\000d\000\040\000U\000n\000i\000t\000\040\000T\000e\000s\000t\000i\000n\000g}{chapter.140}% 69
\BOOKMARK [2][-]{subsection.173}{\376\377\000R\000e\000s\000u\000l\000t\000s}{section.171}% 70
\BOOKMARK [2][-]{subsection.174}{\376\377\000I\000s\000s\000u\000e\000s\000\040\000w\000i\000t\000h\000\040\000t\000h\000i\000s\000\040\000A\000p\000p\000r\000o\000a\000c\000h}{section.171}% 71
\BOOKMARK [1][-]{section.175}{\376\377\000V\000e\000r\000i\000f\000i\000c\000a\000t\000i\000o\000n\000\040\000a\000n\000d\000\040\000V\000a\000l\000i\000d\000a\000t\000i\000o\000n\000\040\000T\000e\000s\000t\000i\000n\000g}{chapter.140}% 72
\BOOKMARK [1][-]{section.193}{\376\377\000R\000e\000s\000u\000l\000t\000s}{chapter.140}% 73
\BOOKMARK [1][-]{section.195}{\376\377\000E\000v\000a\000l\000u\000a\000t\000i\000o\000n}{chapter.140}% 74
\BOOKMARK [2][-]{subsection.196}{\376\377\000M\000e\000t\000h\000o\000d}{section.195}% 75
\BOOKMARK [2][-]{subsection.197}{\376\377\000R\000e\000s\000u\000l\000t\000s}{section.195}% 76
\BOOKMARK [2][-]{subsection.198}{\376\377\000A\000n\000a\000l\000y\000s\000i\000s}{section.195}% 77
\BOOKMARK [0][-]{chapter.199}{\376\377\000F\000u\000t\000u\000r\000e\000\040\000W\000o\000r\000k}{}% 78
\BOOKMARK [1][-]{section.200}{\376\377\000A\000d\000d\000i\000t\000i\000o\000n\000a\000l\000\040\000D\000e\000b\000u\000g\000g\000i\000n\000g\000\040\000F\000e\000a\000t\000u\000r\000e\000s}{chapter.199}% 79
\BOOKMARK [1][-]{section.201}{\376\377\000P\000l\000a\000t\000f\000o\000r\000m\000\040\000D\000e\000v\000e\000l\000o\000p\000m\000e\000n\000t}{chapter.199}% 80
\BOOKMARK [1][-]{section.202}{\376\377\000E\000x\000p\000a\000n\000s\000i\000o\000n\000\040\000o\000f\000\040\000T\000a\000r\000g\000e\000t\000\040\000P\000l\000a\000t\000f\000o\000r\000m\000s}{chapter.199}% 81
\BOOKMARK [1][-]{section.203}{\376\377\000I\000n\000t\000e\000g\000r\000a\000t\000i\000o\000n\000\040\000w\000i\000t\000h\000\040\000A\000u\000g\000m\000e\000n\000t\000e\000d\000\040\000R\000e\000a\000l\000i\000t\000y\000\040\000H\000a\000r\000d\000w\000a\000r\000e}{chapter.199}% 82
\BOOKMARK [1][-]{section.204}{\376\377\000I\000n\000t\000e\000g\000r\000a\000t\000i\000o\000n\000\040\000w\000i\000t\000h\000\040\000T\000a\000b\000l\000e\000t\000\040\000A\000p\000p\000l\000i\000c\000a\000t\000i\000o\000n}{chapter.199}% 83
\BOOKMARK [0][-]{chapter.205}{\376\377\000C\000o\000n\000c\000l\000u\000s\000i\000o\000n}{}% 84
\BOOKMARK [1][-]{section.206}{\376\377\000O\000v\000e\000r\000v\000i\000e\000w}{chapter.205}% 85
\BOOKMARK [1][-]{section.207}{\376\377\000E\000v\000a\000l\000u\000a\000t\000i\000o\000n\000\040\000A\000g\000a\000i\000n\000s\000t\000\040\000A\000i\000m\000s\000\040\000a\000n\000d\000\040\000O\000b\000j\000e\000c\000t\000i\000v\000e\000s}{chapter.205}% 86
\BOOKMARK [1][-]{section.208}{\376\377\000S\000y\000s\000t\000e\000m\000\040\000L\000i\000m\000i\000t\000a\000t\000i\000o\000n\000s}{chapter.205}% 87
\BOOKMARK [1][-]{section.209}{\376\377\000U\000s\000e\000\040\000W\000i\000t\000h\000i\000n\000\040\000t\000h\000e\000\040\000Y\000o\000r\000k\000\040\000R\000o\000b\000o\000t\000i\000c\000s\000\040\000L\000a\000b\000o\000r\000a\000t\000o\000r\000y}{chapter.205}% 88
\BOOKMARK [1][-]{section.210}{\376\377\000V\000a\000l\000u\000e\000\040\000W\000i\000t\000h\000i\000n\000\040\000t\000h\000e\000\040\000S\000w\000a\000r\000m\000\040\000R\000o\000b\000o\000t\000i\000c\000s\000\040\000S\000p\000a\000c\000e}{chapter.205}% 89
\BOOKMARK [0][-]{appendix.211}{\376\377\000T\000e\000s\000t\000\040\000R\000e\000s\000u\000l\000t\000s}{}% 90
\BOOKMARK [1][-]{section.212}{\376\377\000M\000a\000n\000u\000a\000l\000\040\000U\000I\000\040\000T\000e\000s\000t\000i\000n\000g}{appendix.211}% 91
\BOOKMARK [0][-]{appendix*.236}{\376\377\000B\000i\000b\000l\000i\000o\000g\000r\000a\000p\000h\000y}{}% 92
